mode: set
github.com/imhotepio/letsgo_labs/roman/calc.go:13.41,14.14 1 1
github.com/imhotepio/letsgo_labs/roman/calc.go:19.2,19.30 1 1
github.com/imhotepio/letsgo_labs/roman/calc.go:25.2,25.8 1 1
github.com/imhotepio/letsgo_labs/roman/calc.go:14.14,17.3 2 1
github.com/imhotepio/letsgo_labs/roman/calc.go:19.30,20.17 1 1
github.com/imhotepio/letsgo_labs/roman/calc.go:20.17,23.4 2 1
github.com/imhotepio/letsgo_labs/roman/calc.go:29.38,31.22 2 1
github.com/imhotepio/letsgo_labs/roman/calc.go:49.2,49.17 1 1
github.com/imhotepio/letsgo_labs/roman/calc.go:31.22,33.17 2 1
github.com/imhotepio/letsgo_labs/roman/calc.go:37.3,37.19 1 1
github.com/imhotepio/letsgo_labs/roman/calc.go:47.3,47.20 1 1
github.com/imhotepio/letsgo_labs/roman/calc.go:33.17,35.4 1 1
github.com/imhotepio/letsgo_labs/roman/calc.go:37.19,39.18 2 1
github.com/imhotepio/letsgo_labs/roman/calc.go:42.4,42.15 1 1
github.com/imhotepio/letsgo_labs/roman/calc.go:39.18,41.5 1 1
github.com/imhotepio/letsgo_labs/roman/calc.go:42.15,44.13 2 1
github.com/imhotepio/letsgo_labs/roman/calc.go:52.41,53.24 1 1
github.com/imhotepio/letsgo_labs/roman/calc.go:58.2,58.52 1 1
github.com/imhotepio/letsgo_labs/roman/calc.go:53.24,54.29 1 1
github.com/imhotepio/letsgo_labs/roman/calc.go:54.29,56.4 1 1
